2.539615188
2.47587831
3.212594562
3.455172007
2.0429042689999997
3.273393843
2.938070222
1.0296572320000001
3.616387782
1.510749419
285.904068258
13.33869582
108.568393129
17.31372275
78.14087585
61.153835074
23.730614045
1817.8190500120002
11.815312258999999
27.111117027000002
4718.139339858
4503.39787883
2394.665065925
4759.657884898001
4766.286689658
1476.5358834580002
4765.012886205
13.280392336
4762.652656636001
2392.807084945
2379.7760780959998
2376.979001634
2380.728442422
2380.254506755
2380.667498235
2377.045936263
2382.861976111
2379.773937335
2377.30537813
2379.820920503
