0.5194416159999999
1.527993489
1.64657564
0.840472459
1.195024537
2.023132169
1.806933704
1.502311677
1.8331400450000002
1.179609493
3.3050760340000003
3.924164018
4.41778185
3.407697327
3.9400734580000005
3.8000368360000003
3.758587236
6.356615541
4.721695759999999
4.841385407
12.481959197
14.350797098000001
22.859355921
85.655882361
12.004881949000001
10.544726563000001
12.351378307
12.772276949
18.50821587
12.250155887999998
50.504541355
56.518904444
45.146983930000005
49.227873052
129.617909227
74.767496158
29.4282929
4594.408575695001
28.600256207
76.391323393
