2.2476312089999997
2.4090394070000003
2.144596308
2.2813471290000003
2.002568394
1.337556491
1.463775498
1.478248655
1.494136245
1.1398113349999999
1.1157316670000001
1.077680755
1.27276967
1.500327287
1.5683120019999999
0.970776563
0.42924748999999995
0.27508271399999995
0.16395644600000003
0.13442139600000003
0.13170032699999998
52.023435455000005
21.847320477
110.980527243
26.865926947
51.084623765
9.099681839999999
177.037669074
5.999509778999999
16.532065219
16.468710595
8.876811822
6.77848987
28.345669964000002
105.090317146
44.826535759
4786.552404703
1.5806170759999998
0.718065189
0.605901304
0.302700455
0.273913434
2848.980864846
335.99363659799997
226.973231372
4756.8111962699995
335.120797693
4769.294656876
4774.577779826
212.687306727
4759.529189624
740.987613559
214.387799611
123.172375047
209.215053485
454.29437454000004
73.540767775
4781.398851436001
3.168965283
1.815680511
2.276123598
0.761247982
0.5502130080000001
231.002351461
4443.291120071
2379.2964864349997
531.343102604
424.548832475
4716.85419762
2387.5398498359996
4678.241664538999
2383.7048790470003
4677.0190458100005
4729.806204841
275.423926441
214.054880924
376.770505854
284.138433065
4772.529666771
177.237933495
3.5254544180000003
4.931238259000001
1.513884542
1.102480485
